%!Adobe-FontList 1.16
%Locale:0x409

%BeginFont
Handler:DirectoryHandler
FontType:Type1
FontName:AvenirLTStd-Medium
FamilyName:Avenir LT Std
StyleName:65 Medium
MenuName:Avenir LT Std 65 Medium
StyleBits:0
WeightClass:550
WidthClass:5
AngleClass:0
FullName:Avenir LT Std 65 Medium
WritingScript:Roman
OutlineFileName:\AvenirLTStd Medium.otf
DataFormat:sfntData
UsesStandardEncoding:yes
isCFF:yes
FileLength:28132
FileModTime:1409553771
DesignSize:120
NameArray:0,Mac,4,Avenir LT Std 65 Medium
NameArray:0,Win,1,Avenir LT Std 65 Medium
NameArray:0,Win,16,Avenir LT Std
%EndFont

%BeginFont
Handler:DirectoryHandler
FontType:Type1
FontName:AvenirLTStd-Roman
FamilyName:Avenir LT Std
StyleName:55 Roman
MenuName:Avenir LT Std 55 Roman
StyleBits:0
WeightClass:400
WidthClass:5
AngleClass:0
FullName:Avenir LT Std 55 Roman
WritingScript:Roman
OutlineFileName:\AvenirLTStd Roman.otf
DataFormat:sfntData
UsesStandardEncoding:yes
isCFF:yes
FileLength:28008
FileModTime:1409553771
DesignSize:120
NameArray:0,Mac,4,Avenir LT Std 55 Roman
NameArray:0,Win,1,Avenir LT Std 55 Roman
NameArray:0,Win,16,Avenir LT Std
%EndFont

