%!Adobe-FontList 1.22
%Locale:0x409

%BeginFont
Handler:DirectoryHandler
FontType:Invalid
OutlineFileName:/Users/ekimber/workspace-d4p/dita4publishers_ot2.x/docs/D4P Logo and User Guide Cover/D4P_UserGuide_cover Folder/Document fonts/AdobeFnt14.lst
FileLength:880
FileModTime:649887855
%EndFont

%BeginFont
Handler:DirectoryHandler
FontType:Invalid
OutlineFileName:/Users/ekimber/workspace-d4p/dita4publishers_ot2.x/docs/D4P Logo and User Guide Cover/D4P_UserGuide_cover Folder/Document fonts/AdobeFnt16.lst
FileLength:1112
FileModTime:649887855
%EndFont

%BeginFont
Handler:DirectoryHandler
FontType:Invalid
OutlineFileName:/Users/ekimber/workspace-d4p/dita4publishers_ot2.x/docs/D4P Logo and User Guide Cover/D4P_UserGuide_cover Folder/Document fonts/AdobeFnt22.lst
FileLength:1969
FileModTime:649960622
%EndFont

%BeginFont
Handler:DirectoryHandler
FontType:Type1
FontName:AvenirLTStd-Medium
FamilyName:Avenir LT Std
StyleName:65 Medium
MenuName:Avenir LT Std 65 Medium
StyleBits:0
WeightClass:550
WidthClass:5
AngleClass:0
FullName:Avenir LT Std 65 Medium
WritingScript:Roman
OutlineFileName:/Users/ekimber/workspace-d4p/dita4publishers_ot2.x/docs/D4P Logo and User Guide Cover/D4P_UserGuide_cover Folder/Document fonts/AvenirLTStd Medium.otf
DataFormat:sfntData
UsesStandardEncoding:yes
isCFF:yes
hasSVG:no
VariableFontType:NonVariableFont
FileLength:28132
FileModTime:649887855
DesignSize:120
NameArray:0,Mac,4,Avenir LT Std 65 Medium
NameArray:0,Win,1,Avenir LT Std 65 Medium
NameArray:0,Win,16,Avenir LT Std
%EndFont

%BeginFont
Handler:DirectoryHandler
FontType:Type1
FontName:AvenirLTStd-Roman
FamilyName:Avenir LT Std
StyleName:55 Roman
MenuName:Avenir LT Std 55 Roman
StyleBits:0
WeightClass:400
WidthClass:5
AngleClass:0
FullName:Avenir LT Std 55 Roman
WritingScript:Roman
OutlineFileName:/Users/ekimber/workspace-d4p/dita4publishers_ot2.x/docs/D4P Logo and User Guide Cover/D4P_UserGuide_cover Folder/Document fonts/AvenirLTStd Roman.otf
DataFormat:sfntData
UsesStandardEncoding:yes
isCFF:yes
hasSVG:no
VariableFontType:NonVariableFont
FileLength:28008
FileModTime:649887855
DesignSize:120
NameArray:0,Mac,4,Avenir LT Std 55 Roman
NameArray:0,Win,1,Avenir LT Std 55 Roman
NameArray:0,Win,16,Avenir LT Std
%EndFont

